28-01-2023	6:57 AM ------ /v1/auth/registe --- POST --- Not found 
30-01-2023	6:05 PM ------ /v1/auth/registe --- POST --- Not found 
30-01-2023	6:27 PM ------ /register --- POST --- This fullname already exists. 
30-01-2023	6:28 PM ------ /register --- POST --- This email already exists. 
30-01-2023	6:30 PM ------ /register --- POST --- Password must be at least 6 characters. 
31-01-2023	5:16 PM ------ /register --- POST --- This fullname already exists. 
31-01-2023	5:16 PM ------ /register --- POST --- This fullname already exists. 
31-01-2023	5:21 PM ------ /v1/auth/refresh_token --- GET --- Not found 
31-01-2023	5:24 PM ------ /v1/auth/refresh_token --- GET --- Not found 
31-01-2023	5:24 PM ------ /register --- POST --- This fullname already exists. 
31-01-2023	5:39 PM ------ /v1/auth/refresh_token --- GET --- Not found 
31-01-2023	5:39 PM ------ /v1/auth/refresh_token --- GET --- Not found 
31-01-2023	5:58 PM ------ /v1/auth/refresh_token --- GET --- Not found 
31-01-2023	6:25 PM ------ /v1/auth/refresh_token --- GET --- Not found 
31-01-2023	6:26 PM ------ /v1/auth/refresh_token --- GET --- Not found 
31-01-2023	6:59 PM ------ /login --- POST --- This email does not exist. 
31-01-2023	6:59 PM ------ /login --- POST --- Password is incorrect. 
31-01-2023	7:03 PM ------ /refresh_token --- POST --- Please login now. 
09-02-2023	5:00 AM ------ /login --- POST --- Password is incorrect. 
09-02-2023	5:04 AM ------ /login --- POST --- Password is incorrect. 
09-02-2023	5:05 AM ------ /login --- POST --- Password is incorrect. 
09-02-2023	5:09 AM ------ /refresh_token --- POST --- Please login now. 
09-02-2023	5:09 AM ------ /refresh_token --- POST --- Please login now. 
09-02-2023	2:14 PM ------ /login --- POST --- Password is incorrect. 
09-02-2023	2:45 PM ------ /login --- POST --- Password is incorrect. 
09-02-2023	2:45 PM ------ /login --- POST --- Password is incorrect. 
09-02-2023	6:01 PM ------ /login --- POST --- Password is incorrect. 
09-02-2023	6:03 PM ------ /login --- POST --- Password is incorrect. 
09-02-2023	6:11 PM ------ /login --- POST --- Password is incorrect. 
09-02-2023	6:11 PM ------ /login --- POST --- Password is incorrect. 
09-02-2023	6:12 PM ------ /login --- POST --- Password is incorrect. 
09-02-2023	6:14 PM ------ /login --- POST --- Password is incorrect. 
09-02-2023	6:14 PM ------ /login --- POST --- Password is incorrect. 
09-02-2023	6:14 PM ------ /login --- POST --- This email does not exist. 
09-02-2023	8:37 PM ------ /login --- POST --- Password is incorrect. 
10-02-2023	7:43 AM ------ /login --- POST --- Password is incorrect. 
10-02-2023	7:44 AM ------ /login --- POST --- Password is incorrect. 
10-02-2023	7:45 AM ------ /login --- POST --- Password is incorrect. 
10-02-2023	7:47 AM ------ /login --- POST --- Password is incorrect. 
10-02-2023	7:48 AM ------ /login --- POST --- Password is incorrect. 
10-02-2023	7:49 AM ------ /login --- POST --- Password is incorrect. 
10-02-2023	7:50 AM ------ /login --- POST --- Password is incorrect. 
10-02-2023	7:50 AM ------ /login --- POST --- Password is incorrect. 
10-02-2023	7:51 AM ------ /login --- POST --- Password is incorrect. 
10-02-2023	7:53 AM ------ /login --- POST --- Password is incorrect. 
10-02-2023	7:53 AM ------ /login --- POST --- Password is incorrect. 
10-02-2023	7:54 AM ------ /login --- POST --- Password is incorrect. 
10-02-2023	7:55 AM ------ /login --- POST --- Password is incorrect. 
10-02-2023	7:56 AM ------ /login --- POST --- Password is incorrect. 
10-02-2023	7:57 AM ------ /login --- POST --- Password is incorrect. 
10-02-2023	7:57 AM ------ /login --- POST --- Password is incorrect. 
10-02-2023	7:59 AM ------ /login --- POST --- Password is incorrect. 
10-02-2023	8:04 AM ------ /login --- POST --- Password is incorrect. 
10-02-2023	8:09 AM ------ /login --- POST --- Password is incorrect. 
10-02-2023	8:14 AM ------ /login --- POST --- Password is incorrect. 
10-02-2023	8:15 AM ------ /login --- POST --- Password is incorrect. 
10-02-2023	8:20 AM ------ /login --- POST --- Password is incorrect. 
10-02-2023	8:23 AM ------ /login --- POST --- Password is incorrect. 
10-02-2023	9:36 AM ------ /refresh_token --- POST --- Please login now. 
10-02-2023	9:45 AM ------ /refresh_token --- POST --- Please login now. 
10-02-2023	9:45 AM ------ /refresh_token --- POST --- Please login now. 
10-02-2023	9:45 AM ------ /refresh_token --- POST --- Please login now. 
10-02-2023	9:48 AM ------ /refresh_token --- POST --- Please login now. 
10-02-2023	9:49 AM ------ /refresh_token --- POST --- Please login now. 
10-02-2023	9:49 AM ------ /refresh_token --- POST --- Please login now. 
10-02-2023	9:50 AM ------ /refresh_token --- POST --- Please login now. 
10-02-2023	9:51 AM ------ /login --- POST --- Password is incorrect. 
10-02-2023	11:15 AM ------ /refresh_token --- POST --- Please login now. 
10-02-2023	11:22 AM ------ /register --- POST --- This fullname already exists. 
10-02-2023	11:23 AM ------ /refresh_token --- POST --- Please login now. 
10-02-2023	11:25 AM ------ /refresh_token --- POST --- Please login now. 
10-02-2023	11:35 AM ------ /refresh_token --- POST --- Please login now. 
10-02-2023	11:35 AM ------ /refresh_token --- POST --- Please login now. 
10-02-2023	11:48 AM ------ /refresh_token --- POST --- Please login now. 
10-02-2023	11:56 AM ------ /refresh_token --- POST --- Please login now. 
10-02-2023	11:57 AM ------ /register --- POST --- This fullname already exists. 
10-02-2023	11:57 AM ------ /register --- POST --- This email already exists. 
10-02-2023	11:58 AM ------ /refresh_token --- POST --- This does not exist. 
10-02-2023	12:01 PM ------ /refresh_token --- POST --- This does not exist. 
10-02-2023	12:02 PM ------ /refresh_token --- POST --- This does not exist. 
10-02-2023	12:04 PM ------ /refresh_token --- POST --- This does not exist. 
10-02-2023	12:06 PM ------ /refresh_token --- POST --- This does not exist. 
10-02-2023	12:06 PM ------ /refresh_token --- POST --- This does not exist. 
10-02-2023	7:41 PM ------ /user/63d8faa4abb82ca91b694e1e --- GET --- User does not exist. 
10-02-2023	7:49 PM ------ /user/63d8faa4abb82ca91b694e1e --- GET --- User does not exist. 
11-02-2023	2:01 AM ------ /user --- PATCH --- Update Fail! 
11-02-2023	2:23 AM ------ /refresh_token --- POST --- Please login now. 
11-02-2023	2:23 AM ------ /login --- POST --- Password is incorrect. 
11-02-2023	2:24 AM ------ /login --- POST --- This email does not exist. 
11-02-2023	4:01 AM ------ /refresh_token --- POST --- Please login now. 
11-02-2023	4:20 AM ------ /register --- POST --- This fullname already exists. 
11-02-2023	4:20 AM ------ /register --- POST --- This fullname already exists. 
